app/build/outputs/logs/manifest-merger-debug-report.txt
-- Merging decision tree log ---
manifest
ADDED from AndroidManifest.xml:19:1
	xmlns:android
		ADDED from AndroidManifest.xml:20:5
	package
		ADDED from AndroidManifest.xml:21:2
		INJECTED from AndroidManifest.xml:0:0
		INJECTED from AndroidManifest.xml:0:0
	android:versionName
		ADDED from AndroidManifest.xml:23:5
	android:versionCode
		ADDED from AndroidManifest.xml:24:5
		INJECTED from AndroidManifest.xml:0:0
		INJECTED from AndroidManifest.xml:0:0
	android:installLocation
		ADDED from AndroidManifest.xml:22:5
uses-sdk
ADDED from AndroidManifest.xml:26:5
MERGED from com.android.support:support-v4:20.0.0:16:5
	android:targetSdkVersion
		ADDED from AndroidManifest.xml:26:41
		INJECTED from AndroidManifest.xml:0:0
		INJECTED from AndroidManifest.xml:0:0
	android:minSdkVersion
		ADDED from AndroidManifest.xml:26:15
		INJECTED from AndroidManifest.xml:0:0
		INJECTED from AndroidManifest.xml:0:0
supports-screens
ADDED from AndroidManifest.xml:27:4
	android:largeScreens
		ADDED from AndroidManifest.xml:29:8
	android:normalScreens
		ADDED from AndroidManifest.xml:30:8
	android:xlargeScreens
		ADDED from AndroidManifest.xml:28:8
	android:smallScreens
		ADDED from AndroidManifest.xml:31:8
uses-feature#android.hardware.camera.autofocus
ADDED from AndroidManifest.xml:32:4
	android:name
		ADDED from AndroidManifest.xml:32:18
uses-feature#android.hardware.camera.flash
ADDED from AndroidManifest.xml:33:4
	android:required
		ADDED from AndroidManifest.xml:33:63
	android:name
		ADDED from AndroidManifest.xml:33:18
uses-feature#android.hardware.camera
ADDED from AndroidManifest.xml:34:4
	android:name
		ADDED from AndroidManifest.xml:34:18
uses-feature#android.hardware.screen.landscape
ADDED from AndroidManifest.xml:35:4
	android:name
		ADDED from AndroidManifest.xml:35:18
application
ADDED from AndroidManifest.xml:37:3
MERGED from com.android.support:support-v4:20.0.0:17:5
	android:label
		ADDED from AndroidManifest.xml:39:7
	android:icon
		ADDED from AndroidManifest.xml:38:7
activity#com.example.digitrecognition.CaptureActivity
ADDED from AndroidManifest.xml:41:6
	android:windowSoftInputMode
		ADDED from AndroidManifest.xml:46:13
	android:screenOrientation
		ADDED from AndroidManifest.xml:43:13
	android:configChanges
		ADDED from AndroidManifest.xml:44:13
	android:theme
		ADDED from AndroidManifest.xml:45:13
	android:name
		ADDED from AndroidManifest.xml:42:10
intent-filter#android.intent.action.MAIN+android.intent.category.LAUNCHER
ADDED from AndroidManifest.xml:47:7
action#android.intent.action.MAIN
ADDED from AndroidManifest.xml:48:11
	android:name
		ADDED from AndroidManifest.xml:48:19
category#android.intent.category.LAUNCHER
ADDED from AndroidManifest.xml:49:11
	android:name
		ADDED from AndroidManifest.xml:49:21
intent-filter#android.intent.category.DEFAULT+com.example.digitrecognition.GAUGE_RECOGNITION
ADDED from AndroidManifest.xml:51:13
action#com.example.digitrecognition.GAUGE_RECOGNITION
ADDED from AndroidManifest.xml:52:17
	android:name
		ADDED from AndroidManifest.xml:52:25
category#android.intent.category.DEFAULT
ADDED from AndroidManifest.xml:53:17
	android:name
		ADDED from AndroidManifest.xml:53:27
data
ADDED from AndroidManifest.xml:54:17
	android:mimeType
		ADDED from AndroidManifest.xml:54:23
activity#com.example.digitrecognition.HelpActivity
ADDED from AndroidManifest.xml:58:6
	android:screenOrientation
		ADDED from AndroidManifest.xml:59:16
	android:name
		ADDED from AndroidManifest.xml:58:16
intent-filter#android.intent.action.VIEW+android.intent.category.DEFAULT
ADDED from AndroidManifest.xml:60:7
action#android.intent.action.VIEW
ADDED from AndroidManifest.xml:61:11
	android:name
		ADDED from AndroidManifest.xml:61:19
activity#com.example.digitrecognition.PreferencesActivity
ADDED from AndroidManifest.xml:66:9
	android:name
		ADDED from AndroidManifest.xml:66:19
uses-permission#android.permission.CAMERA
ADDED from AndroidManifest.xml:70:3
	android:name
		ADDED from AndroidManifest.xml:70:20
uses-permission#android.permission.INTERNET
ADDED from AndroidManifest.xml:71:3
	android:name
		ADDED from AndroidManifest.xml:71:20
uses-permission#android.permission.ACCESS_NETWORK_STATE
ADDED from AndroidManifest.xml:72:3
	android:name
		ADDED from AndroidManifest.xml:72:20
uses-permission#android.permission.WRITE_EXTERNAL_STORAGE
ADDED from AndroidManifest.xml:73:3
	android:name
		ADDED from AndroidManifest.xml:73:20